2020-01-16 15:47:43,361 [INFO] from org.mongodb.driver.cluster in main - Cluster created with settings {hosts=[localhost:27017], mode=SINGLE, requiredClusterType=UNKNOWN, serverSelectionTimeout='30000 ms', maxWaitQueueSize=500}
2020-01-16 15:47:43,453 [INFO] from org.mongodb.driver.cluster in main - No server chosen by com.mongodb.async.client.ClientSessionHelper$1@182f1e9a from cluster description ClusterDescription{type=UNKNOWN, connectionMode=SINGLE, serverDescriptions=[ServerDescription{address=localhost:27017, type=UNKNOWN, state=CONNECTING}]}. Waiting for 30000 ms before timing out
2020-01-16 15:47:43,457 [INFO] from org.mongodb.driver.connection in cluster-ClusterId{value='5e20d9ffa0735079c981ac3d', description='null'}-localhost:27017 - Opened connection [connectionId{localValue:1, serverValue:475}] to localhost:27017
2020-01-16 15:47:43,462 [INFO] from org.mongodb.driver.cluster in cluster-ClusterId{value='5e20d9ffa0735079c981ac3d', description='null'}-localhost:27017 - Monitor thread successfully connected to server with description ServerDescription{address=localhost:27017, type=STANDALONE, state=CONNECTED, ok=true, version=ServerVersion{versionList=[4, 2, 1]}, minWireVersion=0, maxWireVersion=8, maxDocumentSize=16777216, logicalSessionTimeoutMinutes=30, roundTripTimeNanos=3651664}
2020-01-16 15:47:43,480 [INFO] from org.mongodb.driver.connection in Thread-7 - Opened connection [connectionId{localValue:2, serverValue:476}] to localhost:27017
2020-01-16 15:47:43,646 [INFO] from org.mongodb.driver.connection in Thread-19 - Opened connection [connectionId{localValue:4, serverValue:479}] to localhost:27017
2020-01-16 15:47:43,646 [INFO] from org.mongodb.driver.connection in Thread-20 - Opened connection [connectionId{localValue:3, serverValue:478}] to localhost:27017
2020-01-16 15:47:43,646 [INFO] from org.mongodb.driver.connection in Thread-21 - Opened connection [connectionId{localValue:5, serverValue:477}] to localhost:27017
2020-01-16 15:48:35,788 [INFO] from org.mongodb.driver.cluster in main - Cluster created with settings {hosts=[localhost:27017], mode=SINGLE, requiredClusterType=UNKNOWN, serverSelectionTimeout='30000 ms', maxWaitQueueSize=500}
2020-01-16 15:48:35,872 [INFO] from org.mongodb.driver.cluster in main - No server chosen by com.mongodb.async.client.ClientSessionHelper$1@285c08c8 from cluster description ClusterDescription{type=UNKNOWN, connectionMode=SINGLE, serverDescriptions=[ServerDescription{address=localhost:27017, type=UNKNOWN, state=CONNECTING}]}. Waiting for 30000 ms before timing out
2020-01-16 15:48:35,881 [INFO] from org.mongodb.driver.connection in cluster-ClusterId{value='5e20da33b5cbcc20d8212a1a', description='null'}-localhost:27017 - Opened connection [connectionId{localValue:1, serverValue:482}] to localhost:27017
2020-01-16 15:48:35,884 [INFO] from org.mongodb.driver.cluster in cluster-ClusterId{value='5e20da33b5cbcc20d8212a1a', description='null'}-localhost:27017 - Monitor thread successfully connected to server with description ServerDescription{address=localhost:27017, type=STANDALONE, state=CONNECTED, ok=true, version=ServerVersion{versionList=[4, 2, 1]}, minWireVersion=0, maxWireVersion=8, maxDocumentSize=16777216, logicalSessionTimeoutMinutes=30, roundTripTimeNanos=2319178}
2020-01-16 15:48:35,896 [INFO] from org.mongodb.driver.connection in Thread-7 - Opened connection [connectionId{localValue:2, serverValue:483}] to localhost:27017
2020-01-16 15:48:35,995 [INFO] from org.mongodb.driver.connection in Thread-5 - Opened connection [connectionId{localValue:4, serverValue:484}] to localhost:27017
2020-01-16 15:48:35,995 [INFO] from org.mongodb.driver.connection in Thread-20 - Opened connection [connectionId{localValue:5, serverValue:485}] to localhost:27017
2020-01-16 15:48:35,995 [INFO] from org.mongodb.driver.connection in Thread-4 - Opened connection [connectionId{localValue:3, serverValue:486}] to localhost:27017
2020-01-16 15:48:45,925 [INFO] from org.mongodb.driver.cluster in main - Cluster created with settings {hosts=[localhost:27017], mode=SINGLE, requiredClusterType=UNKNOWN, serverSelectionTimeout='30000 ms', maxWaitQueueSize=500}
2020-01-16 15:48:46,008 [INFO] from org.mongodb.driver.cluster in main - No server chosen by com.mongodb.async.client.ClientSessionHelper$1@560cbf1a from cluster description ClusterDescription{type=UNKNOWN, connectionMode=SINGLE, serverDescriptions=[ServerDescription{address=localhost:27017, type=UNKNOWN, state=CONNECTING}]}. Waiting for 30000 ms before timing out
2020-01-16 15:48:46,014 [INFO] from org.mongodb.driver.connection in cluster-ClusterId{value='5e20da3d6328ce2abd973052', description='null'}-localhost:27017 - Opened connection [connectionId{localValue:1, serverValue:487}] to localhost:27017
2020-01-16 15:48:46,019 [INFO] from org.mongodb.driver.cluster in cluster-ClusterId{value='5e20da3d6328ce2abd973052', description='null'}-localhost:27017 - Monitor thread successfully connected to server with description ServerDescription{address=localhost:27017, type=STANDALONE, state=CONNECTED, ok=true, version=ServerVersion{versionList=[4, 2, 1]}, minWireVersion=0, maxWireVersion=8, maxDocumentSize=16777216, logicalSessionTimeoutMinutes=30, roundTripTimeNanos=3373743}
2020-01-16 15:48:46,035 [INFO] from org.mongodb.driver.connection in Thread-9 - Opened connection [connectionId{localValue:2, serverValue:488}] to localhost:27017
2020-01-16 15:48:46,162 [INFO] from org.mongodb.driver.connection in Thread-7 - Opened connection [connectionId{localValue:4, serverValue:491}] to localhost:27017
2020-01-16 15:48:46,162 [INFO] from org.mongodb.driver.connection in Thread-22 - Opened connection [connectionId{localValue:5, serverValue:489}] to localhost:27017
2020-01-16 15:48:46,162 [INFO] from org.mongodb.driver.connection in Thread-8 - Opened connection [connectionId{localValue:3, serverValue:490}] to localhost:27017
