2019-12-17 13:03:25,510 [INFO] from play.api.http.EnabledFilters in play-dev-mode-akka.actor.default-dispatcher-9 - Enabled Filters (see <https://www.playframework.com/documentation/latest/Filters>):


2019-12-17 13:03:25,516 [INFO] from play.api.Play in play-dev-mode-akka.actor.default-dispatcher-9 - Application started (Dev) (no global state)
2019-12-17 13:03:35,751 [INFO] from cabrillo in application-akka.actor.default-dispatcher-5 - {"reason":"result","email":"wa9nnn@u505.com","stamp":"2019-12-17T19:03:35.607584Z","from":"/0:0:0:0:0:0:0:1","fileOk":"false","lines":93,"errorTags":0,"unknownTags":0,"duration":"PT0.020418S","saveTo":"declined"}
2019-12-17 13:03:42,832 [INFO] from cabrillo in application-akka.actor.default-dispatcher-5 - id: 12
2019-12-17 13:09:02,039 [INFO] from cabrillo in application-akka.actor.default-dispatcher-8 - {"reason":"result","email":"wa9nnn@u505.com","stamp":"2019-12-17T19:09:02.038827Z","from":"/0:0:0:0:0:0:0:1","fileOk":"false","lines":93,"errorTags":0,"unknownTags":0,"duration":"PT0.005138S","saveTo":"declined"}
2019-12-17 13:09:07,133 [INFO] from cabrillo in application-akka.actor.default-dispatcher-8 - id: 13
2019-12-17 13:14:12,621 [INFO] from play.api.http.EnabledFilters in play-dev-mode-akka.actor.default-dispatcher-10 - Enabled Filters (see <https://www.playframework.com/documentation/latest/Filters>):


2019-12-17 13:14:12,627 [INFO] from play.api.Play in play-dev-mode-akka.actor.default-dispatcher-10 - Application started (Dev) (no global state)
2019-12-17 13:14:19,296 [INFO] from cabrillo in application-akka.actor.default-dispatcher-2 - {"reason":"result","email":"wa9nnn@u505.com","stamp":"2019-12-17T19:14:19.142272Z","from":"/0:0:0:0:0:0:0:1","fileOk":"false","lines":93,"errorTags":0,"unknownTags":0,"duration":"PT0.020256S","saveTo":"declined"}
2019-12-17 13:14:56,657 [INFO] from cabrillo in application-akka.actor.default-dispatcher-2 - id: 14
2019-12-17 14:11:42,505 [INFO] from play.api.http.EnabledFilters in play-dev-mode-akka.actor.default-dispatcher-6 - Enabled Filters (see <https://www.playframework.com/documentation/latest/Filters>):


2019-12-17 14:11:42,511 [INFO] from play.api.Play in play-dev-mode-akka.actor.default-dispatcher-6 - Application started (Dev) (no global state)
2019-12-17 14:11:49,244 [INFO] from cabrillo in application-akka.actor.default-dispatcher-3 - {"reason":"result","email":"LaneKG@gmail.com","stamp":"2019-12-17T20:11:49.092735Z","from":"/0:0:0:0:0:0:0:1","fileOk":"false","lines":43,"errorTags":0,"unknownTags":0,"duration":"PT0.016466S","saveTo":"declined"}
2019-12-17 14:11:55,906 [INFO] from cabrillo in application-akka.actor.default-dispatcher-3 - id: 15
2019-12-17 14:13:05,293 [INFO] from cabrillo in application-akka.actor.default-dispatcher-7 - {"reason":"result","email":"LaneKG@gmail.com","stamp":"2019-12-17T20:13:05.292675Z","from":"/0:0:0:0:0:0:0:1","fileOk":"false","lines":43,"errorTags":0,"unknownTags":0,"duration":"PT0.003394S","saveTo":"declined"}
2019-12-17 14:13:05,318 [INFO] from cabrillo in application-akka.actor.default-dispatcher-7 - id: 16
2019-12-17 14:41:00,089 [INFO] from play.api.http.EnabledFilters in play-dev-mode-akka.actor.default-dispatcher-3 - Enabled Filters (see <https://www.playframework.com/documentation/latest/Filters>):


2019-12-17 14:41:00,095 [INFO] from play.api.Play in play-dev-mode-akka.actor.default-dispatcher-3 - Application started (Dev) (no global state)
2019-12-17 14:41:11,108 [INFO] from cabrillo in application-akka.actor.default-dispatcher-6 - {"reason":"result","email":"LaneKG@gmail.com","stamp":"2019-12-17T20:41:10.963363Z","from":"/0:0:0:0:0:0:0:1","fileOk":"false","lines":43,"errorTags":0,"unknownTags":0,"duration":"PT0.014748S","saveTo":"declined"}
2019-12-17 14:41:11,498 [INFO] from cabrillo in application-akka.actor.default-dispatcher-6 - id: 17
2019-12-17 15:02:41,094 [INFO] from play.api.http.EnabledFilters in play-dev-mode-akka.actor.default-dispatcher-4 - Enabled Filters (see <https://www.playframework.com/documentation/latest/Filters>):


2019-12-17 15:02:41,099 [INFO] from play.api.Play in play-dev-mode-akka.actor.default-dispatcher-4 - Application started (Dev) (no global state)
2019-12-17 15:02:54,240 [INFO] from cabrillo in application-akka.actor.default-dispatcher-3 - {"reason":"result","email":"LaneKG@gmail.com","stamp":"2019-12-17T21:02:54.085087Z","from":"/0:0:0:0:0:0:0:1","fileOk":"false","lines":43,"errorTags":0,"unknownTags":0,"duration":"PT0.016701S","saveTo":"declined"}
2019-12-17 15:02:54,661 [INFO] from cabrillo in application-akka.actor.default-dispatcher-3 - id: 18
2019-12-17 15:06:22,074 [INFO] from play.api.http.EnabledFilters in play-dev-mode-akka.actor.default-dispatcher-3 - Enabled Filters (see <https://www.playframework.com/documentation/latest/Filters>):


2019-12-17 15:06:22,079 [INFO] from play.api.Play in play-dev-mode-akka.actor.default-dispatcher-3 - Application started (Dev) (no global state)
2019-12-17 15:06:27,128 [INFO] from cabrillo in application-akka.actor.default-dispatcher-3 - {"reason":"result","email":"LaneKG@gmail.com","stamp":"2019-12-17T21:06:26.973385Z","from":"/0:0:0:0:0:0:0:1","fileOk":"false","lines":43,"errorTags":0,"unknownTags":0,"duration":"PT0.016512S","saveTo":"declined"}
2019-12-17 15:06:27,573 [INFO] from cabrillo in application-akka.actor.default-dispatcher-3 - id: 19
2019-12-17 15:09:58,874 [INFO] from play.api.http.EnabledFilters in play-dev-mode-akka.actor.default-dispatcher-2 - Enabled Filters (see <https://www.playframework.com/documentation/latest/Filters>):


2019-12-17 15:09:58,881 [INFO] from play.api.Play in play-dev-mode-akka.actor.default-dispatcher-2 - Application started (Dev) (no global state)
2019-12-17 15:10:16,754 [INFO] from play.api.http.EnabledFilters in play-dev-mode-akka.actor.default-dispatcher-7 - Enabled Filters (see <https://www.playframework.com/documentation/latest/Filters>):


2019-12-17 15:10:16,760 [INFO] from play.api.Play in play-dev-mode-akka.actor.default-dispatcher-7 - Application started (Dev) (no global state)
2019-12-17 15:10:22,275 [INFO] from cabrillo in application-akka.actor.default-dispatcher-4 - {"reason":"result","email":"LaneKG@gmail.com","stamp":"2019-12-17T21:10:22.135056Z","from":"/0:0:0:0:0:0:0:1","fileOk":"false","lines":43,"errorTags":0,"unknownTags":0,"duration":"PT0.019139S","saveTo":"declined"}
2019-12-17 15:10:22,688 [INFO] from cabrillo in application-akka.actor.default-dispatcher-4 - id: 20
2019-12-17 15:15:34,034 [INFO] from play.api.http.EnabledFilters in play-dev-mode-akka.actor.default-dispatcher-6 - Enabled Filters (see <https://www.playframework.com/documentation/latest/Filters>):


2019-12-17 15:15:34,039 [INFO] from play.api.Play in play-dev-mode-akka.actor.default-dispatcher-6 - Application started (Dev) (no global state)
2019-12-17 15:15:40,084 [INFO] from cabrillo in application-akka.actor.default-dispatcher-3 - {"reason":"result","email":"LaneKG@gmail.com","stamp":"2019-12-17T21:15:39.923893Z","from":"/0:0:0:0:0:0:0:1","fileOk":"false","lines":43,"errorTags":0,"unknownTags":0,"duration":"PT0.016709S","saveTo":"declined"}
2019-12-17 15:15:40,529 [INFO] from cabrillo in application-akka.actor.default-dispatcher-3 - id: 21
2019-12-17 15:38:21,362 [INFO] from play.api.http.EnabledFilters in play-dev-mode-akka.actor.default-dispatcher-2 - Enabled Filters (see <https://www.playframework.com/documentation/latest/Filters>):


2019-12-17 15:38:21,369 [INFO] from play.api.Play in play-dev-mode-akka.actor.default-dispatcher-2 - Application started (Dev) (no global state)
2019-12-17 15:38:27,719 [INFO] from cabrillo in application-akka.actor.default-dispatcher-7 - {"reason":"result","email":"LaneKG@gmail.com","stamp":"2019-12-17T21:38:27.559872Z","from":"/0:0:0:0:0:0:0:1","fileOk":"false","lines":43,"errorTags":0,"unknownTags":0,"duration":"PT0.016369S","saveTo":"declined"}
2019-12-17 15:38:28,150 [INFO] from cabrillo in application-akka.actor.default-dispatcher-7 - id: 22
2019-12-17 16:04:58,318 [INFO] from play.api.http.EnabledFilters in play-dev-mode-akka.actor.default-dispatcher-7 - Enabled Filters (see <https://www.playframework.com/documentation/latest/Filters>):


2019-12-17 16:04:58,324 [INFO] from play.api.Play in play-dev-mode-akka.actor.default-dispatcher-7 - Application started (Dev) (no global state)
2019-12-17 16:05:06,109 [INFO] from cabrillo in application-akka.actor.default-dispatcher-8 - {"reason":"result","email":"LaneKG@gmail.com","stamp":"2019-12-17T22:05:05.960198Z","from":"/0:0:0:0:0:0:0:1","fileOk":"false","lines":43,"errorTags":0,"unknownTags":0,"duration":"PT0.01647S","saveTo":"declined"}
2019-12-17 16:05:06,520 [INFO] from cabrillo in application-akka.actor.default-dispatcher-8 - id: 23
2019-12-17 16:05:54,818 [INFO] from cabrillo in application-akka.actor.default-dispatcher-12 - {"reason":"result","email":"wa9nnn@u505.com","stamp":"2019-12-17T22:05:54.817860Z","from":"/0:0:0:0:0:0:0:1","fileOk":"false","lines":93,"errorTags":0,"unknownTags":0,"duration":"PT0.007894S","saveTo":"declined"}
2019-12-17 16:05:54,846 [INFO] from cabrillo in application-akka.actor.default-dispatcher-12 - id: 24
2019-12-17 22:30:52,841 [INFO] from play.api.http.EnabledFilters in play-dev-mode-akka.actor.default-dispatcher-4 - Enabled Filters (see <https://www.playframework.com/documentation/latest/Filters>):


2019-12-17 22:30:52,847 [INFO] from play.api.Play in play-dev-mode-akka.actor.default-dispatcher-4 - Application started (Dev) (no global state)
2019-12-17 22:31:02,520 [INFO] from cabrillo in application-akka.actor.default-dispatcher-6 - {"reason":"result","email":"LaneKG@gmail.com","stamp":"2019-12-18T04:31:02.365828Z","from":"/0:0:0:0:0:0:0:1","fileOk":"false","lines":43,"errorTags":0,"unknownTags":0,"duration":"PT0.017491S","saveTo":"declined"}
2019-12-17 22:31:02,953 [ERROR] from application in application-akka.actor.default-dispatcher-7 - 

! @7e7kin10c - Internal server error, for (POST) [/wfd] ->
 
play.api.http.HttpErrorHandlerExceptions$$anon$1: Execution exception[[NoSuchElementException: null]]
	at play.api.http.HttpErrorHandlerExceptions$.throwableToUsefulException(HttpErrorHandler.scala:351)
	at play.api.http.DefaultHttpErrorHandler.onServerError(HttpErrorHandler.scala:267)
	at play.core.server.AkkaHttpServer$$anonfun$1.applyOrElse(AkkaHttpServer.scala:448)
	at play.core.server.AkkaHttpServer$$anonfun$1.applyOrElse(AkkaHttpServer.scala:446)
	at scala.concurrent.impl.Promise$Transformation.run(Promise.scala:453)
	at akka.dispatch.BatchingExecutor$AbstractBatch.processBatch(BatchingExecutor.scala:55)
	at akka.dispatch.BatchingExecutor$BlockableBatch.$anonfun$run$1(BatchingExecutor.scala:92)
	at scala.runtime.java8.JFunction0$mcV$sp.apply(JFunction0$mcV$sp.scala:18)
	at scala.concurrent.BlockContext$.withBlockContext(BlockContext.scala:94)
	at akka.dispatch.BatchingExecutor$BlockableBatch.run(BatchingExecutor.scala:92)
	at akka.dispatch.TaskInvocation.run(AbstractDispatcher.scala:41)
	at akka.dispatch.ForkJoinExecutorConfigurator$AkkaForkJoinTask.exec(ForkJoinExecutorConfigurator.scala:49)
	at akka.dispatch.forkjoin.ForkJoinTask.doExec(ForkJoinTask.java:260)
	at akka.dispatch.forkjoin.ForkJoinPool$WorkQueue.runTask(ForkJoinPool.java:1339)
	at akka.dispatch.forkjoin.ForkJoinPool.runWorker(ForkJoinPool.java:1979)
	at akka.dispatch.forkjoin.ForkJoinWorkerThread.run(ForkJoinWorkerThread.java:107)
Caused by: java.util.NoSuchElementException: null
	at scala.collection.immutable.BitmapIndexedMapNode.apply(HashMap.scala:608)
	at scala.collection.immutable.HashMap.apply(HashMap.scala:131)
	at org.wa9nnn.cabrilloserver.db.mysql.BiMap.apply(BiMap.scala:34)
	at org.wa9nnn.cabrilloserver.db.mysql.CabrilloDataAdapter.row$1(CabrilloDataAdapter.scala:86)
	at org.wa9nnn.cabrilloserver.db.mysql.CabrilloDataAdapter.$anonfun$contactsRows$1(CabrilloDataAdapter.scala:98)
	at scala.collection.immutable.List.flatMap(List.scala:265)
	at scala.collection.immutable.List.flatMap(List.scala:79)
	at org.wa9nnn.cabrilloserver.db.mysql.CabrilloDataAdapter.contactsRows(CabrilloDataAdapter.scala:95)
	at org.wa9nnn.cabrilloserver.db.mysql.MySqlIngester.apply(MySqlIngester.scala:38)
	at controllers.WfdController.$anonfun$upload$6(WfdController.scala:88)
	at controllers.WfdController.$anonfun$upload$6$adapted(WfdController.scala:87)
	at scala.Option.map(Option.scala:242)
	at controllers.WfdController.$anonfun$upload$2(WfdController.scala:87)
	at scala.Option.map(Option.scala:242)
	at controllers.WfdController.$anonfun$upload$1(WfdController.scala:51)
	at scala.Function1.$anonfun$andThen$1(Function1.scala:85)
	at play.api.mvc.ActionBuilderImpl.invokeBlock(Action.scala:489)
	at play.api.mvc.ActionBuilderImpl.invokeBlock(Action.scala:487)
	at play.api.mvc.ActionBuilder$$anon$9.invokeBlock(Action.scala:336)
	at play.api.mvc.ActionBuilder$$anon$9.invokeBlock(Action.scala:331)
	at play.api.mvc.ActionBuilder$$anon$10.apply(Action.scala:426)
	at play.api.mvc.Action.$anonfun$apply$2(Action.scala:98)
	at scala.concurrent.impl.Promise$Transformation.run(Promise.scala:433)
	... 11 common frames omitted
2019-12-17 22:31:57,822 [INFO] from cabrillo in application-akka.actor.default-dispatcher-3 - {"reason":"result","email":"LaneKG@gmail.com","stamp":"2019-12-18T04:31:57.822067Z","from":"/0:0:0:0:0:0:0:1","fileOk":"false","lines":43,"errorTags":0,"unknownTags":0,"duration":"PT0.003529S","saveTo":"declined"}
2019-12-17 22:33:12,681 [ERROR] from application in application-akka.actor.default-dispatcher-4 - 

! @7e7kj4ao2 - Internal server error, for (POST) [/wfd] ->
 
play.api.http.HttpErrorHandlerExceptions$$anon$1: Execution exception[[NoSuchElementException: null]]
	at play.api.http.HttpErrorHandlerExceptions$.throwableToUsefulException(HttpErrorHandler.scala:351)
	at play.api.http.DefaultHttpErrorHandler.onServerError(HttpErrorHandler.scala:267)
	at play.core.server.AkkaHttpServer$$anonfun$1.applyOrElse(AkkaHttpServer.scala:448)
	at play.core.server.AkkaHttpServer$$anonfun$1.applyOrElse(AkkaHttpServer.scala:446)
	at scala.concurrent.impl.Promise$Transformation.run(Promise.scala:453)
	at akka.dispatch.BatchingExecutor$AbstractBatch.processBatch(BatchingExecutor.scala:55)
	at akka.dispatch.BatchingExecutor$BlockableBatch.$anonfun$run$1(BatchingExecutor.scala:92)
	at scala.runtime.java8.JFunction0$mcV$sp.apply(JFunction0$mcV$sp.scala:18)
	at scala.concurrent.BlockContext$.withBlockContext(BlockContext.scala:94)
	at akka.dispatch.BatchingExecutor$BlockableBatch.run(BatchingExecutor.scala:92)
	at akka.dispatch.TaskInvocation.run(AbstractDispatcher.scala:41)
	at akka.dispatch.ForkJoinExecutorConfigurator$AkkaForkJoinTask.exec(ForkJoinExecutorConfigurator.scala:49)
	at akka.dispatch.forkjoin.ForkJoinTask.doExec(ForkJoinTask.java:260)
	at akka.dispatch.forkjoin.ForkJoinPool$WorkQueue.runTask(ForkJoinPool.java:1339)
	at akka.dispatch.forkjoin.ForkJoinPool.runWorker(ForkJoinPool.java:1979)
	at akka.dispatch.forkjoin.ForkJoinWorkerThread.run(ForkJoinWorkerThread.java:107)
Caused by: java.util.NoSuchElementException: null
	at scala.collection.immutable.BitmapIndexedMapNode.apply(HashMap.scala:608)
	at scala.collection.immutable.HashMap.apply(HashMap.scala:131)
	at org.wa9nnn.cabrilloserver.db.mysql.BiMap.apply(BiMap.scala:34)
	at org.wa9nnn.cabrilloserver.db.mysql.CabrilloDataAdapter.row$1(CabrilloDataAdapter.scala:86)
	at org.wa9nnn.cabrilloserver.db.mysql.CabrilloDataAdapter.$anonfun$contactsRows$1(CabrilloDataAdapter.scala:98)
	at scala.collection.immutable.List.flatMap(List.scala:265)
	at scala.collection.immutable.List.flatMap(List.scala:79)
	at org.wa9nnn.cabrilloserver.db.mysql.CabrilloDataAdapter.contactsRows(CabrilloDataAdapter.scala:95)
	at org.wa9nnn.cabrilloserver.db.mysql.MySqlIngester.apply(MySqlIngester.scala:38)
	at controllers.WfdController.$anonfun$upload$6(WfdController.scala:88)
	at controllers.WfdController.$anonfun$upload$6$adapted(WfdController.scala:87)
	at scala.Option.map(Option.scala:242)
	at controllers.WfdController.$anonfun$upload$2(WfdController.scala:87)
	at scala.Option.map(Option.scala:242)
	at controllers.WfdController.$anonfun$upload$1(WfdController.scala:51)
	at scala.Function1.$anonfun$andThen$1(Function1.scala:85)
	at play.api.mvc.ActionBuilderImpl.invokeBlock(Action.scala:489)
	at play.api.mvc.ActionBuilderImpl.invokeBlock(Action.scala:487)
	at play.api.mvc.ActionBuilder$$anon$9.invokeBlock(Action.scala:336)
	at play.api.mvc.ActionBuilder$$anon$9.invokeBlock(Action.scala:331)
	at play.api.mvc.ActionBuilder$$anon$10.apply(Action.scala:426)
	at play.api.mvc.Action.$anonfun$apply$2(Action.scala:98)
	at scala.concurrent.impl.Promise$Transformation.run(Promise.scala:433)
	... 11 common frames omitted
2019-12-17 22:36:29,619 [INFO] from play.api.http.EnabledFilters in play-dev-mode-akka.actor.default-dispatcher-2 - Enabled Filters (see <https://www.playframework.com/documentation/latest/Filters>):


2019-12-17 22:36:29,624 [INFO] from play.api.Play in play-dev-mode-akka.actor.default-dispatcher-2 - Application started (Dev) (no global state)
2019-12-17 22:36:35,625 [INFO] from cabrillo in application-akka.actor.default-dispatcher-6 - {"reason":"result","email":"LaneKG@gmail.com","stamp":"2019-12-18T04:36:35.479164Z","from":"/0:0:0:0:0:0:0:1","fileOk":"false","lines":43,"errorTags":0,"unknownTags":0,"duration":"PT0.016434S","saveTo":"declined"}
2019-12-17 22:36:36,049 [ERROR] from application in application-akka.actor.default-dispatcher-4 - 

! @7e7kjfpjm - Internal server error, for (POST) [/wfd] ->
 
play.api.http.HttpErrorHandlerExceptions$$anon$1: Execution exception[[NoSuchElementException: null]]
	at play.api.http.HttpErrorHandlerExceptions$.throwableToUsefulException(HttpErrorHandler.scala:351)
	at play.api.http.DefaultHttpErrorHandler.onServerError(HttpErrorHandler.scala:267)
	at play.core.server.AkkaHttpServer$$anonfun$1.applyOrElse(AkkaHttpServer.scala:448)
	at play.core.server.AkkaHttpServer$$anonfun$1.applyOrElse(AkkaHttpServer.scala:446)
	at scala.concurrent.impl.Promise$Transformation.run(Promise.scala:453)
	at akka.dispatch.BatchingExecutor$AbstractBatch.processBatch(BatchingExecutor.scala:55)
	at akka.dispatch.BatchingExecutor$BlockableBatch.$anonfun$run$1(BatchingExecutor.scala:92)
	at scala.runtime.java8.JFunction0$mcV$sp.apply(JFunction0$mcV$sp.scala:18)
	at scala.concurrent.BlockContext$.withBlockContext(BlockContext.scala:94)
	at akka.dispatch.BatchingExecutor$BlockableBatch.run(BatchingExecutor.scala:92)
	at akka.dispatch.TaskInvocation.run(AbstractDispatcher.scala:41)
	at akka.dispatch.ForkJoinExecutorConfigurator$AkkaForkJoinTask.exec(ForkJoinExecutorConfigurator.scala:49)
	at akka.dispatch.forkjoin.ForkJoinTask.doExec(ForkJoinTask.java:260)
	at akka.dispatch.forkjoin.ForkJoinPool$WorkQueue.runTask(ForkJoinPool.java:1339)
	at akka.dispatch.forkjoin.ForkJoinPool.runWorker(ForkJoinPool.java:1979)
	at akka.dispatch.forkjoin.ForkJoinWorkerThread.run(ForkJoinWorkerThread.java:107)
Caused by: java.util.NoSuchElementException: null
	at scala.collection.immutable.BitmapIndexedMapNode.apply(HashMap.scala:608)
	at scala.collection.immutable.HashMap.apply(HashMap.scala:131)
	at org.wa9nnn.cabrilloserver.db.mysql.BiMap.$anonfun$apply$1(BiMap.scala:35)
	at scala.Option.map(Option.scala:242)
	at org.wa9nnn.cabrilloserver.db.mysql.BiMap.apply(BiMap.scala:35)
	at org.wa9nnn.cabrilloserver.db.mysql.CabrilloDataAdapter.row$1(CabrilloDataAdapter.scala:86)
	at org.wa9nnn.cabrilloserver.db.mysql.CabrilloDataAdapter.$anonfun$contactsRows$1(CabrilloDataAdapter.scala:98)
	at scala.collection.immutable.List.flatMap(List.scala:265)
	at scala.collection.immutable.List.flatMap(List.scala:79)
	at org.wa9nnn.cabrilloserver.db.mysql.CabrilloDataAdapter.contactsRows(CabrilloDataAdapter.scala:95)
	at org.wa9nnn.cabrilloserver.db.mysql.MySqlIngester.apply(MySqlIngester.scala:38)
	at controllers.WfdController.$anonfun$upload$6(WfdController.scala:88)
	at controllers.WfdController.$anonfun$upload$6$adapted(WfdController.scala:87)
	at scala.Option.map(Option.scala:242)
	at controllers.WfdController.$anonfun$upload$2(WfdController.scala:87)
	at scala.Option.map(Option.scala:242)
	at controllers.WfdController.$anonfun$upload$1(WfdController.scala:51)
	at scala.Function1.$anonfun$andThen$1(Function1.scala:85)
	at play.api.mvc.ActionBuilderImpl.invokeBlock(Action.scala:489)
	at play.api.mvc.ActionBuilderImpl.invokeBlock(Action.scala:487)
	at play.api.mvc.ActionBuilder$$anon$9.invokeBlock(Action.scala:336)
	at play.api.mvc.ActionBuilder$$anon$9.invokeBlock(Action.scala:331)
	at play.api.mvc.ActionBuilder$$anon$10.apply(Action.scala:426)
	at play.api.mvc.Action.$anonfun$apply$2(Action.scala:98)
	at scala.concurrent.impl.Promise$Transformation.run(Promise.scala:433)
	... 11 common frames omitted
2019-12-17 22:41:37,565 [INFO] from play.api.http.EnabledFilters in play-dev-mode-akka.actor.default-dispatcher-6 - Enabled Filters (see <https://www.playframework.com/documentation/latest/Filters>):


2019-12-17 22:41:37,570 [INFO] from play.api.Play in play-dev-mode-akka.actor.default-dispatcher-6 - Application started (Dev) (no global state)
2019-12-17 22:41:43,554 [INFO] from cabrillo in application-akka.actor.default-dispatcher-4 - {"reason":"result","email":"LaneKG@gmail.com","stamp":"2019-12-18T04:41:43.401550Z","from":"/0:0:0:0:0:0:0:1","fileOk":"false","lines":43,"errorTags":0,"unknownTags":0,"duration":"PT0.016851S","saveTo":"declined"}
2019-12-17 22:41:44,007 [INFO] from cabrillo in application-akka.actor.default-dispatcher-4 - id: 28
2019-12-17 22:44:26,101 [INFO] from play.api.http.EnabledFilters in play-dev-mode-akka.actor.default-dispatcher-6 - Enabled Filters (see <https://www.playframework.com/documentation/latest/Filters>):


2019-12-17 22:44:26,107 [INFO] from play.api.Play in play-dev-mode-akka.actor.default-dispatcher-6 - Application started (Dev) (no global state)
2019-12-17 22:44:31,339 [INFO] from cabrillo in application-akka.actor.default-dispatcher-2 - {"reason":"result","email":"LaneKG@gmail.com","stamp":"2019-12-18T04:44:31.199009Z","from":"/0:0:0:0:0:0:0:1","fileOk":"false","lines":43,"errorTags":0,"unknownTags":0,"duration":"PT0.015912S","saveTo":"declined"}
2019-12-17 22:44:31,790 [INFO] from cabrillo in application-akka.actor.default-dispatcher-2 - id: 29
2019-12-17 22:45:09,531 [INFO] from play.api.http.EnabledFilters in play-dev-mode-akka.actor.default-dispatcher-3 - Enabled Filters (see <https://www.playframework.com/documentation/latest/Filters>):


2019-12-17 22:45:09,536 [INFO] from play.api.Play in play-dev-mode-akka.actor.default-dispatcher-3 - Application started (Dev) (no global state)
2019-12-17 22:45:14,287 [INFO] from cabrillo in application-akka.actor.default-dispatcher-4 - {"reason":"result","email":"LaneKG@gmail.com","stamp":"2019-12-18T04:45:14.134325Z","from":"/0:0:0:0:0:0:0:1","fileOk":"false","lines":43,"errorTags":0,"unknownTags":0,"duration":"PT0.01728S","saveTo":"declined"}
2019-12-17 22:45:14,707 [INFO] from org.wa9nnn.cabrilloserver.db.mysql.CabrilloDataAdapter in application-akka.actor.default-dispatcher-4 - qsoMode: CW
2019-12-17 22:45:14,709 [INFO] from org.wa9nnn.cabrilloserver.db.mysql.CabrilloDataAdapter in application-akka.actor.default-dispatcher-4 - qsoMode: CW
2019-12-17 22:45:14,709 [INFO] from org.wa9nnn.cabrilloserver.db.mysql.CabrilloDataAdapter in application-akka.actor.default-dispatcher-4 - qsoMode: CW
2019-12-17 22:45:14,709 [INFO] from org.wa9nnn.cabrilloserver.db.mysql.CabrilloDataAdapter in application-akka.actor.default-dispatcher-4 - qsoMode: PH
2019-12-17 22:45:14,709 [INFO] from org.wa9nnn.cabrilloserver.db.mysql.CabrilloDataAdapter in application-akka.actor.default-dispatcher-4 - qsoMode: PH
2019-12-17 22:45:14,709 [INFO] from org.wa9nnn.cabrilloserver.db.mysql.CabrilloDataAdapter in application-akka.actor.default-dispatcher-4 - qsoMode: PH
2019-12-17 22:45:14,709 [INFO] from org.wa9nnn.cabrilloserver.db.mysql.CabrilloDataAdapter in application-akka.actor.default-dispatcher-4 - qsoMode: PH
2019-12-17 22:45:14,709 [INFO] from org.wa9nnn.cabrilloserver.db.mysql.CabrilloDataAdapter in application-akka.actor.default-dispatcher-4 - qsoMode: CW
2019-12-17 22:45:14,709 [INFO] from org.wa9nnn.cabrilloserver.db.mysql.CabrilloDataAdapter in application-akka.actor.default-dispatcher-4 - qsoMode: CW
2019-12-17 22:45:14,709 [INFO] from org.wa9nnn.cabrilloserver.db.mysql.CabrilloDataAdapter in application-akka.actor.default-dispatcher-4 - qsoMode: CW
2019-12-17 22:45:14,709 [INFO] from org.wa9nnn.cabrilloserver.db.mysql.CabrilloDataAdapter in application-akka.actor.default-dispatcher-4 - qsoMode: PH
2019-12-17 22:45:14,709 [INFO] from org.wa9nnn.cabrilloserver.db.mysql.CabrilloDataAdapter in application-akka.actor.default-dispatcher-4 - qsoMode: PH
2019-12-17 22:45:14,709 [INFO] from org.wa9nnn.cabrilloserver.db.mysql.CabrilloDataAdapter in application-akka.actor.default-dispatcher-4 - qsoMode: PH
2019-12-17 22:45:14,709 [INFO] from org.wa9nnn.cabrilloserver.db.mysql.CabrilloDataAdapter in application-akka.actor.default-dispatcher-4 - qsoMode: PH
2019-12-17 22:45:14,743 [INFO] from cabrillo in application-akka.actor.default-dispatcher-4 - id: 30
2019-12-17 22:47:30,326 [INFO] from play.api.http.EnabledFilters in play-dev-mode-akka.actor.default-dispatcher-10 - Enabled Filters (see <https://www.playframework.com/documentation/latest/Filters>):


2019-12-17 22:47:30,332 [INFO] from play.api.Play in play-dev-mode-akka.actor.default-dispatcher-10 - Application started (Dev) (no global state)
2019-12-17 22:47:36,011 [INFO] from cabrillo in application-akka.actor.default-dispatcher-3 - {"reason":"result","email":"LaneKG@gmail.com","stamp":"2019-12-18T04:47:35.869210Z","from":"/0:0:0:0:0:0:0:1","fileOk":"false","lines":43,"errorTags":0,"unknownTags":0,"duration":"PT0.01716S","saveTo":"declined"}
2019-12-17 22:47:36,401 [INFO] from org.wa9nnn.cabrilloserver.db.mysql.CabrilloDataAdapter in application-akka.actor.default-dispatcher-3 - qsoMode: CW
2019-12-17 22:47:36,403 [INFO] from org.wa9nnn.cabrilloserver.db.mysql.CabrilloDataAdapter in application-akka.actor.default-dispatcher-3 - qsoMode: CW
2019-12-17 22:47:36,403 [INFO] from org.wa9nnn.cabrilloserver.db.mysql.CabrilloDataAdapter in application-akka.actor.default-dispatcher-3 - qsoMode: CW
2019-12-17 22:47:36,403 [INFO] from org.wa9nnn.cabrilloserver.db.mysql.CabrilloDataAdapter in application-akka.actor.default-dispatcher-3 - qsoMode: PH
2019-12-17 22:47:36,403 [INFO] from org.wa9nnn.cabrilloserver.db.mysql.CabrilloDataAdapter in application-akka.actor.default-dispatcher-3 - qsoMode: PH
2019-12-17 22:47:36,403 [INFO] from org.wa9nnn.cabrilloserver.db.mysql.CabrilloDataAdapter in application-akka.actor.default-dispatcher-3 - qsoMode: PH
2019-12-17 22:47:36,403 [INFO] from org.wa9nnn.cabrilloserver.db.mysql.CabrilloDataAdapter in application-akka.actor.default-dispatcher-3 - qsoMode: PH
2019-12-17 22:47:36,403 [INFO] from org.wa9nnn.cabrilloserver.db.mysql.CabrilloDataAdapter in application-akka.actor.default-dispatcher-3 - qsoMode: CW
2019-12-17 22:47:36,403 [INFO] from org.wa9nnn.cabrilloserver.db.mysql.CabrilloDataAdapter in application-akka.actor.default-dispatcher-3 - qsoMode: CW
2019-12-17 22:47:36,403 [INFO] from org.wa9nnn.cabrilloserver.db.mysql.CabrilloDataAdapter in application-akka.actor.default-dispatcher-3 - qsoMode: CW
2019-12-17 22:47:36,403 [INFO] from org.wa9nnn.cabrilloserver.db.mysql.CabrilloDataAdapter in application-akka.actor.default-dispatcher-3 - qsoMode: PH
2019-12-17 22:47:36,403 [INFO] from org.wa9nnn.cabrilloserver.db.mysql.CabrilloDataAdapter in application-akka.actor.default-dispatcher-3 - qsoMode: PH
2019-12-17 22:47:36,403 [INFO] from org.wa9nnn.cabrilloserver.db.mysql.CabrilloDataAdapter in application-akka.actor.default-dispatcher-3 - qsoMode: PH
2019-12-17 22:47:36,403 [INFO] from org.wa9nnn.cabrilloserver.db.mysql.CabrilloDataAdapter in application-akka.actor.default-dispatcher-3 - qsoMode: PH
2019-12-17 22:47:36,437 [INFO] from cabrillo in application-akka.actor.default-dispatcher-3 - id: 31
