2019-12-13 15:17:18,074 [INFO] from org.wa9nnn.cabrilloserver.db.mongodb.MongoPlaypen$ in Thread-10 - {"reason":"Inserted  Log"}
2019-12-13 15:17:18,076 [INFO] from org.wa9nnn.cabrilloserver.db.mongodb.MongoPlaypen$ in Thread-10 - {"reason":"Completed  Log"}
2019-12-13 15:17:18,077 [ERROR] from org.wa9nnn.cabrilloserver.db.mongodb.MongoPlaypen$ in Thread-8 - {"reason":"Failed Qso"}
org.bson.codecs.configuration.CodecConfigurationException: Can't find a codec for class org.wa9nnn.cabrillo.parsers.Exchange_WFD.
	at org.bson.internal.CodecCache.getOrThrow(CodecCache.java:47)
	at org.bson.internal.ProvidersCodecRegistry.get(ProvidersCodecRegistry.java:65)
	at org.bson.internal.ProvidersCodecRegistry.get(ProvidersCodecRegistry.java:39)
	at org.mongodb.scala.bson.codecs.macrocodecs.MacroCodec.writeValue(MacroCodec.scala:167)
	at org.mongodb.scala.bson.codecs.macrocodecs.MacroCodec.writeValue$(MacroCodec.scala:162)
	at org.wa9nnn.cabrilloserver.db.mongodb.MongoPlaypen$$anon$2$QSOMacroCodec$1.writeValue(MongoPlaypen.scala:22)
	at org.mongodb.scala.bson.codecs.macrocodecs.MacroCodec.writeFieldValue(MacroCodec.scala:159)
	at org.mongodb.scala.bson.codecs.macrocodecs.MacroCodec.writeFieldValue$(MacroCodec.scala:155)
	at org.wa9nnn.cabrilloserver.db.mongodb.MongoPlaypen$$anon$2$QSOMacroCodec$1.writeFieldValue(MongoPlaypen.scala:22)
	at org.wa9nnn.cabrilloserver.db.mongodb.MongoPlaypen$$anon$2$QSOMacroCodec$1.writeCaseClassData(MongoPlaypen.scala:22)
	at org.wa9nnn.cabrilloserver.db.mongodb.MongoPlaypen$$anon$2$QSOMacroCodec$1.writeCaseClassData(MongoPlaypen.scala:22)
	at org.mongodb.scala.bson.codecs.macrocodecs.MacroCodec.writeValue(MacroCodec.scala:165)
	at org.mongodb.scala.bson.codecs.macrocodecs.MacroCodec.writeValue$(MacroCodec.scala:162)
	at org.wa9nnn.cabrilloserver.db.mongodb.MongoPlaypen$$anon$2$QSOMacroCodec$1.writeValue(MongoPlaypen.scala:22)
	at org.mongodb.scala.bson.codecs.macrocodecs.MacroCodec.encode(MacroCodec.scala:92)
	at org.mongodb.scala.bson.codecs.macrocodecs.MacroCodec.encode$(MacroCodec.scala:88)
	at org.wa9nnn.cabrilloserver.db.mongodb.MongoPlaypen$$anon$2$QSOMacroCodec$1.encode(MongoPlaypen.scala:22)
	at org.bson.codecs.BsonDocumentWrapperCodec.encode(BsonDocumentWrapperCodec.java:63)
	at org.bson.codecs.BsonDocumentWrapperCodec.encode(BsonDocumentWrapperCodec.java:29)
	at com.mongodb.operation.BulkWriteBatch$WriteRequestEncoder.encode(BulkWriteBatch.java:385)
	at com.mongodb.operation.BulkWriteBatch$WriteRequestEncoder.encode(BulkWriteBatch.java:375)
	at org.bson.codecs.BsonDocumentWrapperCodec.encode(BsonDocumentWrapperCodec.java:63)
	at org.bson.codecs.BsonDocumentWrapperCodec.encode(BsonDocumentWrapperCodec.java:29)
	at com.mongodb.internal.connection.BsonWriterHelper.writeDocument(BsonWriterHelper.java:77)
	at com.mongodb.internal.connection.BsonWriterHelper.writePayload(BsonWriterHelper.java:59)
	at com.mongodb.internal.connection.CommandMessage.encodeMessageBodyWithMetadata(CommandMessage.java:147)
	at com.mongodb.internal.connection.RequestMessage.encode(RequestMessage.java:138)
	at com.mongodb.internal.connection.CommandMessage.encode(CommandMessage.java:61)
	at com.mongodb.internal.connection.InternalStreamConnection.sendAndReceiveAsync(InternalStreamConnection.java:329)
	at com.mongodb.internal.connection.UsageTrackingInternalConnection.sendAndReceiveAsync(UsageTrackingInternalConnection.java:114)
	at com.mongodb.internal.connection.DefaultConnectionPool$PooledConnection.sendAndReceiveAsync(DefaultConnectionPool.java:461)
	at com.mongodb.internal.connection.CommandProtocolImpl.executeAsync(CommandProtocolImpl.java:78)
	at com.mongodb.internal.connection.DefaultServer$DefaultServerProtocolExecutor.executeAsync(DefaultServer.java:241)
	at com.mongodb.internal.connection.DefaultServerConnection.executeProtocolAsync(DefaultServerConnection.java:285)
	at com.mongodb.internal.connection.DefaultServerConnection.commandAsync(DefaultServerConnection.java:156)
	at com.mongodb.operation.MixedBulkWriteOperation.executeCommandAsync(MixedBulkWriteOperation.java:444)
	at com.mongodb.operation.MixedBulkWriteOperation.executeBatchesAsync(MixedBulkWriteOperation.java:350)
	at com.mongodb.operation.MixedBulkWriteOperation.access$1000(MixedBulkWriteOperation.java:72)
	at com.mongodb.operation.MixedBulkWriteOperation$2$1.call(MixedBulkWriteOperation.java:239)
	at com.mongodb.operation.OperationHelper.validateWriteRequests(OperationHelper.java:189)
	at com.mongodb.operation.MixedBulkWriteOperation$2.call(MixedBulkWriteOperation.java:222)
	at com.mongodb.operation.OperationHelper$7.onResult(OperationHelper.java:614)
	at com.mongodb.operation.OperationHelper$7.onResult(OperationHelper.java:611)
	at com.mongodb.internal.connection.DefaultServer$1.onResult(DefaultServer.java:116)
	at com.mongodb.internal.connection.DefaultServer$1.onResult(DefaultServer.java:105)
	at com.mongodb.internal.async.ErrorHandlingResultCallback.onResult(ErrorHandlingResultCallback.java:49)
	at com.mongodb.internal.connection.DefaultConnectionPool$2.onResult(DefaultConnectionPool.java:222)
	at com.mongodb.internal.connection.DefaultConnectionPool$2.onResult(DefaultConnectionPool.java:207)
	at com.mongodb.internal.connection.UsageTrackingInternalConnection$1.onResult(UsageTrackingInternalConnection.java:65)
	at com.mongodb.internal.connection.UsageTrackingInternalConnection$1.onResult(UsageTrackingInternalConnection.java:57)
	at com.mongodb.internal.connection.InternalStreamConnection$1$1.onResult(InternalStreamConnection.java:168)
	at com.mongodb.internal.connection.InternalStreamConnection$1$1.onResult(InternalStreamConnection.java:155)
	at com.mongodb.internal.connection.InternalStreamConnectionInitializer.completeConnectionDescriptionInitializationAsync(InternalStreamConnectionInitializer.java:212)
	at com.mongodb.internal.connection.InternalStreamConnectionInitializer.access$000(InternalStreamConnectionInitializer.java:44)
	at com.mongodb.internal.connection.InternalStreamConnectionInitializer$1$1.onResult(InternalStreamConnectionInitializer.java:88)
	at com.mongodb.internal.connection.InternalStreamConnectionInitializer$1$1.onResult(InternalStreamConnectionInitializer.java:82)
	at com.mongodb.internal.connection.InternalStreamConnectionInitializer$CompoundAuthenticator.start(InternalStreamConnectionInitializer.java:268)
	at com.mongodb.internal.connection.InternalStreamConnectionInitializer$1.onResult(InternalStreamConnectionInitializer.java:94)
	at com.mongodb.internal.connection.InternalStreamConnectionInitializer$1.onResult(InternalStreamConnectionInitializer.java:75)
	at com.mongodb.internal.connection.InternalStreamConnectionInitializer$2$1.onResult(InternalStreamConnectionInitializer.java:191)
	at com.mongodb.internal.connection.InternalStreamConnectionInitializer$2$1.onResult(InternalStreamConnectionInitializer.java:178)
	at com.mongodb.internal.connection.CommandHelper$1.onResult(CommandHelper.java:59)
	at com.mongodb.internal.connection.CommandHelper$1.onResult(CommandHelper.java:53)
	at com.mongodb.internal.connection.InternalStreamConnection$2$1.onResult(InternalStreamConnection.java:399)
	at com.mongodb.internal.connection.InternalStreamConnection$2$1.onResult(InternalStreamConnection.java:376)
	at com.mongodb.internal.connection.InternalStreamConnection$MessageHeaderCallback$MessageCallback.onResult(InternalStreamConnection.java:677)
	at com.mongodb.internal.connection.InternalStreamConnection$MessageHeaderCallback$MessageCallback.onResult(InternalStreamConnection.java:644)
	at com.mongodb.internal.connection.InternalStreamConnection$5.completed(InternalStreamConnection.java:514)
	at com.mongodb.internal.connection.InternalStreamConnection$5.completed(InternalStreamConnection.java:511)
	at com.mongodb.internal.connection.AsynchronousChannelStream$BasicCompletionHandler.completed(AsynchronousChannelStream.java:220)
	at com.mongodb.internal.connection.AsynchronousChannelStream$BasicCompletionHandler.completed(AsynchronousChannelStream.java:203)
	at java.base/sun.nio.ch.Invoker.invokeUnchecked(Invoker.java:127)
	at java.base/sun.nio.ch.Invoker.invokeDirect(Invoker.java:158)
	at java.base/sun.nio.ch.UnixAsynchronousSocketChannelImpl.implRead(UnixAsynchronousSocketChannelImpl.java:562)
	at java.base/sun.nio.ch.AsynchronousSocketChannelImpl.read(AsynchronousSocketChannelImpl.java:277)
	at java.base/sun.nio.ch.AsynchronousSocketChannelImpl.read(AsynchronousSocketChannelImpl.java:298)
	at com.mongodb.internal.connection.AsynchronousSocketChannelStream$AsynchronousSocketChannelAdapter.read(AsynchronousSocketChannelStream.java:137)
	at com.mongodb.internal.connection.AsynchronousChannelStream.readAsync(AsynchronousChannelStream.java:105)
	at com.mongodb.internal.connection.InternalStreamConnection.readAsync(InternalStreamConnection.java:511)
	at com.mongodb.internal.connection.InternalStreamConnection.access$1000(InternalStreamConnection.java:76)
	at com.mongodb.internal.connection.InternalStreamConnection$MessageHeaderCallback.onResult(InternalStreamConnection.java:634)
	at com.mongodb.internal.connection.InternalStreamConnection$MessageHeaderCallback.onResult(InternalStreamConnection.java:619)
	at com.mongodb.internal.connection.InternalStreamConnection$5.completed(InternalStreamConnection.java:514)
	at com.mongodb.internal.connection.InternalStreamConnection$5.completed(InternalStreamConnection.java:511)
	at com.mongodb.internal.connection.AsynchronousChannelStream$BasicCompletionHandler.completed(AsynchronousChannelStream.java:220)
	at com.mongodb.internal.connection.AsynchronousChannelStream$BasicCompletionHandler.completed(AsynchronousChannelStream.java:203)
	at java.base/sun.nio.ch.Invoker.invokeUnchecked(Invoker.java:127)
	at java.base/sun.nio.ch.UnixAsynchronousSocketChannelImpl.finishRead(UnixAsynchronousSocketChannelImpl.java:439)
	at java.base/sun.nio.ch.UnixAsynchronousSocketChannelImpl.finish(UnixAsynchronousSocketChannelImpl.java:191)
	at java.base/sun.nio.ch.UnixAsynchronousSocketChannelImpl.onEvent(UnixAsynchronousSocketChannelImpl.java:213)
	at java.base/sun.nio.ch.KQueuePort$EventHandlerTask.run(KQueuePort.java:312)
	at java.base/sun.nio.ch.AsynchronousChannelGroupImpl$1.run(AsynchronousChannelGroupImpl.java:112)
	at java.base/java.util.concurrent.ThreadPoolExecutor.runWorker(ThreadPoolExecutor.java:1128)
	at java.base/java.util.concurrent.ThreadPoolExecutor$Worker.run(ThreadPoolExecutor.java:628)
	at java.base/java.lang.Thread.run(Thread.java:835)
2019-12-13 15:17:44,523 [INFO] from org.wa9nnn.cabrilloserver.db.mongodb.MongoPlaypen$ in Thread-11 - {"reason":"Inserted Qso"}
2019-12-13 15:17:44,523 [INFO] from org.wa9nnn.cabrilloserver.db.mongodb.MongoPlaypen$ in Thread-10 - {"reason":"Inserted  Log"}
2019-12-13 15:17:44,525 [INFO] from org.wa9nnn.cabrilloserver.db.mongodb.MongoPlaypen$ in Thread-10 - {"reason":"Completed  Log"}
2019-12-13 15:17:44,525 [INFO] from org.wa9nnn.cabrilloserver.db.mongodb.MongoPlaypen$ in Thread-11 - {"reason":"Completed  Qso"}
2019-12-13 15:57:18,122 [INFO] from org.wa9nnn.cabrilloserver.db.mongodb.MongoPlaypen$ in Thread-8 - {"reason":"Inserted Qso"}
2019-12-13 15:57:18,123 [INFO] from org.wa9nnn.cabrilloserver.db.mongodb.MongoPlaypen$ in Thread-8 - {"reason":"Completed  Qso"}
2019-12-13 15:57:18,125 [INFO] from org.wa9nnn.cabrilloserver.db.mongodb.MongoPlaypen$ in Thread-7 - {"reason":"Inserted  Log"}
2019-12-13 16:01:33,186 [INFO] from org.wa9nnn.cabrilloserver.db.mongodb.MongoPlaypen$ in Thread-11 - {"reason":"Inserted Qso"}
2019-12-13 16:01:33,186 [INFO] from org.wa9nnn.cabrilloserver.db.mongodb.MongoPlaypen$ in Thread-10 - {"reason":"Inserted  Log"}
2019-12-13 16:01:33,187 [INFO] from org.wa9nnn.cabrilloserver.db.mongodb.MongoPlaypen$ in Thread-11 - {"reason":"Completed  Qso"}
2019-12-13 16:01:33,187 [INFO] from org.wa9nnn.cabrilloserver.db.mongodb.MongoPlaypen$ in Thread-10 - {"reason":"Completed  Log"}
2019-12-13 16:02:52,477 [INFO] from org.wa9nnn.cabrilloserver.db.mongodb.MongoPlaypen$ in Thread-12 - {"reason":"Inserted Qso"}
2019-12-13 16:02:52,477 [INFO] from org.wa9nnn.cabrilloserver.db.mongodb.MongoPlaypen$ in Thread-11 - {"reason":"Inserted  Log"}
2019-12-13 16:02:52,478 [INFO] from org.wa9nnn.cabrilloserver.db.mongodb.MongoPlaypen$ in Thread-12 - {"reason":"Completed  Qso"}
2019-12-13 16:02:52,479 [INFO] from org.wa9nnn.cabrilloserver.db.mongodb.MongoPlaypen$ in Thread-11 - {"reason":"Completed  Log"}
2019-12-13 16:04:15,488 [INFO] from org.wa9nnn.cabrilloserver.db.mongodb.MongoPlaypen$ in Thread-11 - {"reason":"Inserted  Log"}
2019-12-13 16:04:15,488 [INFO] from org.wa9nnn.cabrilloserver.db.mongodb.MongoPlaypen$ in Thread-12 - {"reason":"Inserted Qso"}
2019-12-13 16:04:15,489 [INFO] from org.wa9nnn.cabrilloserver.db.mongodb.MongoPlaypen$ in Thread-11 - {"reason":"Completed  Log"}
2019-12-13 16:04:15,489 [INFO] from org.wa9nnn.cabrilloserver.db.mongodb.MongoPlaypen$ in Thread-12 - {"reason":"Completed  Qso"}
