2020-01-19 11:34:05,294 [INFO] from org.mongodb.driver.cluster in main - Cluster created with settings {hosts=[localhost:27017], mode=SINGLE, requiredClusterType=UNKNOWN, serverSelectionTimeout='30000 ms', maxWaitQueueSize=500}
2020-01-19 11:34:05,431 [INFO] from org.mongodb.driver.cluster in main - No server chosen by com.mongodb.async.client.ClientSessionHelper$1@60d1b21f from cluster description ClusterDescription{type=UNKNOWN, connectionMode=SINGLE, serverDescriptions=[ServerDescription{address=localhost:27017, type=UNKNOWN, state=CONNECTING}]}. Waiting for 30000 ms before timing out
2020-01-19 11:34:05,440 [INFO] from org.mongodb.driver.connection in cluster-ClusterId{value='5e24930d7880a671571c6c2b', description='null'}-localhost:27017 - Opened connection [connectionId{localValue:1, serverValue:3871}] to localhost:27017
2020-01-19 11:34:05,443 [INFO] from org.mongodb.driver.cluster in cluster-ClusterId{value='5e24930d7880a671571c6c2b', description='null'}-localhost:27017 - Monitor thread successfully connected to server with description ServerDescription{address=localhost:27017, type=STANDALONE, state=CONNECTED, ok=true, version=ServerVersion{versionList=[4, 2, 1]}, minWireVersion=0, maxWireVersion=8, maxDocumentSize=16777216, logicalSessionTimeoutMinutes=30, roundTripTimeNanos=2356228}
2020-01-19 11:34:05,455 [INFO] from org.mongodb.driver.connection in Thread-4 - Opened connection [connectionId{localValue:2, serverValue:3872}] to localhost:27017
2020-01-19 11:34:05,507 [INFO] from org.mongodb.driver.connection in Thread-12 - Opened connection [connectionId{localValue:5, serverValue:3873}] to localhost:27017
2020-01-19 11:34:05,508 [INFO] from org.mongodb.driver.connection in Thread-15 - Opened connection [connectionId{localValue:4, serverValue:3874}] to localhost:27017
2020-01-19 11:34:05,509 [INFO] from org.mongodb.driver.connection in Thread-16 - Opened connection [connectionId{localValue:3, serverValue:3875}] to localhost:27017
2020-01-19 11:34:06,799 [INFO] from org.mongodb.driver.cluster in main - Cluster created with settings {hosts=[localhost:27017], mode=SINGLE, requiredClusterType=UNKNOWN, serverSelectionTimeout='30000 ms', maxWaitQueueSize=500}
2020-01-19 11:34:06,803 [INFO] from org.mongodb.driver.connection in cluster-ClusterId{value='5e24930e7880a671571c6c2c', description='null'}-localhost:27017 - Opened connection [connectionId{localValue:6, serverValue:3876}] to localhost:27017
2020-01-19 11:34:06,804 [INFO] from org.mongodb.driver.cluster in cluster-ClusterId{value='5e24930e7880a671571c6c2c', description='null'}-localhost:27017 - Monitor thread successfully connected to server with description ServerDescription{address=localhost:27017, type=STANDALONE, state=CONNECTED, ok=true, version=ServerVersion{versionList=[4, 2, 1]}, minWireVersion=0, maxWireVersion=8, maxDocumentSize=16777216, logicalSessionTimeoutMinutes=30, roundTripTimeNanos=888036}
2020-01-19 11:34:06,836 [INFO] from org.mongodb.driver.connection in Thread-8 - Opened connection [connectionId{localValue:7, serverValue:3877}] to localhost:27017
2020-01-19 11:34:07,694 [ERROR] from org.wa9nnn.wfdserver.contest.SubmissionControlDao in specs2-1 - Did not find file at /var/folders/40/32_wnrm92fg5crlxcy6c4rmw0000gn/T/subcontrol1, using default.
2020-01-19 11:34:07,695 [ERROR] from org.wa9nnn.wfdserver.contest.SubmissionControlDao in specs2-3 - Did not find file at /var/folders/40/32_wnrm92fg5crlxcy6c4rmw0000gn/T/subcontrol3, using default.
2020-01-19 11:34:07,716 [INFO] from org.wa9nnn.wfdserver.contest.SubmissionControlDao in specs2-2 - Loaded submissionControl from /var/folders/40/32_wnrm92fg5crlxcy6c4rmw0000gn/T/subcontrol2
2020-01-19 11:34:07,727 [INFO] from org.wa9nnn.wfdserver.contest.SubmissionControlDao in specs2-2 - Loaded submissionControl from /var/folders/40/32_wnrm92fg5crlxcy6c4rmw0000gn/T/subcontrol2
2020-01-19 11:34:07,901 [ERROR] from org.wa9nnn.wfdserver.auth.CredentialsDao in specs2-1 - Did not find credentials file at /var/folders/40/32_wnrm92fg5crlxcy6c4rmw0000gn/T/credFie1, use default user to add at lease one admin user.
2020-01-19 11:34:07,901 [ERROR] from org.wa9nnn.wfdserver.auth.CredentialsDao in specs2-2 - Did not find credentials file at /var/folders/40/32_wnrm92fg5crlxcy6c4rmw0000gn/T/credFie2, use default user to add at lease one admin user.
2020-01-19 11:34:07,901 [ERROR] from org.wa9nnn.wfdserver.auth.CredentialsDao in specs2-3 - Did not find credentials file at /var/folders/40/32_wnrm92fg5crlxcy6c4rmw0000gn/T/credFie3, use default user to add at lease one admin user.
2020-01-19 11:34:07,995 [INFO] from org.wa9nnn.wfdserver.auth.CredentialsDao in specs2-2 - Loaded 2 from /var/folders/40/32_wnrm92fg5crlxcy6c4rmw0000gn/T/credFie2
2020-01-19 11:34:08,081 [INFO] from org.wa9nnn.wfdserver.auth.CredentialsDao in specs2-3 - Loaded 1 from /var/folders/40/32_wnrm92fg5crlxcy6c4rmw0000gn/T/credFie3
2020-01-19 13:01:02,735 [INFO] from org.mongodb.driver.cluster in main - Cluster created with settings {hosts=[localhost:27017], mode=SINGLE, requiredClusterType=UNKNOWN, serverSelectionTimeout='30000 ms', maxWaitQueueSize=500}
2020-01-19 13:01:02,848 [INFO] from org.mongodb.driver.cluster in main - No server chosen by com.mongodb.async.client.ClientSessionHelper$1@48c4245d from cluster description ClusterDescription{type=UNKNOWN, connectionMode=SINGLE, serverDescriptions=[ServerDescription{address=localhost:27017, type=UNKNOWN, state=CONNECTING}]}. Waiting for 30000 ms before timing out
2020-01-19 13:01:02,855 [INFO] from org.mongodb.driver.connection in cluster-ClusterId{value='5e24a76ebd7b8869d9ccd89f', description='null'}-localhost:27017 - Opened connection [connectionId{localValue:1, serverValue:4069}] to localhost:27017
2020-01-19 13:01:02,858 [INFO] from org.mongodb.driver.cluster in cluster-ClusterId{value='5e24a76ebd7b8869d9ccd89f', description='null'}-localhost:27017 - Monitor thread successfully connected to server with description ServerDescription{address=localhost:27017, type=STANDALONE, state=CONNECTED, ok=true, version=ServerVersion{versionList=[4, 2, 1]}, minWireVersion=0, maxWireVersion=8, maxDocumentSize=16777216, logicalSessionTimeoutMinutes=30, roundTripTimeNanos=2352209}
2020-01-19 13:01:02,871 [INFO] from org.mongodb.driver.connection in Thread-4 - Opened connection [connectionId{localValue:2, serverValue:4070}] to localhost:27017
2020-01-19 13:01:03,335 [INFO] from org.mongodb.driver.cluster in main - Cluster created with settings {hosts=[localhost:27017], mode=SINGLE, requiredClusterType=UNKNOWN, serverSelectionTimeout='30000 ms', maxWaitQueueSize=500}
2020-01-19 13:01:03,338 [INFO] from org.mongodb.driver.connection in cluster-ClusterId{value='5e24a76fbd7b8869d9ccd8a0', description='null'}-localhost:27017 - Opened connection [connectionId{localValue:3, serverValue:4071}] to localhost:27017
2020-01-19 13:01:03,339 [INFO] from org.mongodb.driver.cluster in cluster-ClusterId{value='5e24a76fbd7b8869d9ccd8a0', description='null'}-localhost:27017 - Monitor thread successfully connected to server with description ServerDescription{address=localhost:27017, type=STANDALONE, state=CONNECTED, ok=true, version=ServerVersion{versionList=[4, 2, 1]}, minWireVersion=0, maxWireVersion=8, maxDocumentSize=16777216, logicalSessionTimeoutMinutes=30, roundTripTimeNanos=703979}
2020-01-19 13:01:03,366 [INFO] from org.mongodb.driver.connection in Thread-12 - Opened connection [connectionId{localValue:4, serverValue:4072}] to localhost:27017
2020-01-19 13:01:04,001 [ERROR] from org.wa9nnn.wfdserver.contest.SubmissionControlDao in specs2-1 - Did not find file at /var/folders/40/32_wnrm92fg5crlxcy6c4rmw0000gn/T/subcontrol1, using default.
2020-01-19 13:01:04,001 [ERROR] from org.wa9nnn.wfdserver.contest.SubmissionControlDao in specs2-3 - Did not find file at /var/folders/40/32_wnrm92fg5crlxcy6c4rmw0000gn/T/subcontrol3, using default.
2020-01-19 13:01:04,019 [INFO] from org.wa9nnn.wfdserver.contest.SubmissionControlDao in specs2-2 - Loaded submissionControl from /var/folders/40/32_wnrm92fg5crlxcy6c4rmw0000gn/T/subcontrol2
2020-01-19 13:01:04,030 [INFO] from org.wa9nnn.wfdserver.contest.SubmissionControlDao in specs2-2 - Loaded submissionControl from /var/folders/40/32_wnrm92fg5crlxcy6c4rmw0000gn/T/subcontrol2
2020-01-19 13:01:04,080 [ERROR] from org.wa9nnn.wfdserver.auth.CredentialsDao in specs2-1 - Did not find credentials file at /var/folders/40/32_wnrm92fg5crlxcy6c4rmw0000gn/T/credFie1, use default user to add at lease one admin user.
2020-01-19 13:01:04,080 [ERROR] from org.wa9nnn.wfdserver.auth.CredentialsDao in specs2-2 - Did not find credentials file at /var/folders/40/32_wnrm92fg5crlxcy6c4rmw0000gn/T/credFie2, use default user to add at lease one admin user.
2020-01-19 13:01:04,080 [ERROR] from org.wa9nnn.wfdserver.auth.CredentialsDao in specs2-3 - Did not find credentials file at /var/folders/40/32_wnrm92fg5crlxcy6c4rmw0000gn/T/credFie3, use default user to add at lease one admin user.
2020-01-19 13:01:04,148 [INFO] from org.wa9nnn.wfdserver.auth.CredentialsDao in specs2-2 - Loaded 2 from /var/folders/40/32_wnrm92fg5crlxcy6c4rmw0000gn/T/credFie2
2020-01-19 13:01:04,210 [INFO] from org.wa9nnn.wfdserver.auth.CredentialsDao in specs2-3 - Loaded 1 from /var/folders/40/32_wnrm92fg5crlxcy6c4rmw0000gn/T/credFie3
2020-01-19 13:01:35,311 [INFO] from org.mongodb.driver.cluster in main - Cluster created with settings {hosts=[localhost:27017], mode=SINGLE, requiredClusterType=UNKNOWN, serverSelectionTimeout='30000 ms', maxWaitQueueSize=500}
2020-01-19 13:01:35,421 [INFO] from org.mongodb.driver.cluster in main - No server chosen by com.mongodb.async.client.ClientSessionHelper$1@3df978b9 from cluster description ClusterDescription{type=UNKNOWN, connectionMode=SINGLE, serverDescriptions=[ServerDescription{address=localhost:27017, type=UNKNOWN, state=CONNECTING}]}. Waiting for 30000 ms before timing out
2020-01-19 13:01:35,428 [INFO] from org.mongodb.driver.connection in cluster-ClusterId{value='5e24a78fd894a83b78d9a3ff', description='null'}-localhost:27017 - Opened connection [connectionId{localValue:1, serverValue:4074}] to localhost:27017
2020-01-19 13:01:35,431 [INFO] from org.mongodb.driver.cluster in cluster-ClusterId{value='5e24a78fd894a83b78d9a3ff', description='null'}-localhost:27017 - Monitor thread successfully connected to server with description ServerDescription{address=localhost:27017, type=STANDALONE, state=CONNECTED, ok=true, version=ServerVersion{versionList=[4, 2, 1]}, minWireVersion=0, maxWireVersion=8, maxDocumentSize=16777216, logicalSessionTimeoutMinutes=30, roundTripTimeNanos=2229143}
2020-01-19 13:01:35,443 [INFO] from org.mongodb.driver.connection in Thread-4 - Opened connection [connectionId{localValue:2, serverValue:4075}] to localhost:27017
2020-01-19 13:01:35,917 [INFO] from org.mongodb.driver.cluster in main - Cluster created with settings {hosts=[localhost:27017], mode=SINGLE, requiredClusterType=UNKNOWN, serverSelectionTimeout='30000 ms', maxWaitQueueSize=500}
2020-01-19 13:01:35,920 [INFO] from org.mongodb.driver.connection in cluster-ClusterId{value='5e24a78fd894a83b78d9a400', description='null'}-localhost:27017 - Opened connection [connectionId{localValue:3, serverValue:4076}] to localhost:27017
2020-01-19 13:01:35,921 [INFO] from org.mongodb.driver.cluster in cluster-ClusterId{value='5e24a78fd894a83b78d9a400', description='null'}-localhost:27017 - Monitor thread successfully connected to server with description ServerDescription{address=localhost:27017, type=STANDALONE, state=CONNECTED, ok=true, version=ServerVersion{versionList=[4, 2, 1]}, minWireVersion=0, maxWireVersion=8, maxDocumentSize=16777216, logicalSessionTimeoutMinutes=30, roundTripTimeNanos=546163}
2020-01-19 13:01:35,944 [INFO] from org.mongodb.driver.connection in Thread-11 - Opened connection [connectionId{localValue:4, serverValue:4077}] to localhost:27017
2020-01-19 13:01:36,573 [ERROR] from org.wa9nnn.wfdserver.contest.SubmissionControlDao in specs2-1 - Did not find file at /var/folders/40/32_wnrm92fg5crlxcy6c4rmw0000gn/T/subcontrol1, using default.
2020-01-19 13:01:36,573 [ERROR] from org.wa9nnn.wfdserver.contest.SubmissionControlDao in specs2-3 - Did not find file at /var/folders/40/32_wnrm92fg5crlxcy6c4rmw0000gn/T/subcontrol3, using default.
2020-01-19 13:01:36,590 [INFO] from org.wa9nnn.wfdserver.contest.SubmissionControlDao in specs2-2 - Loaded submissionControl from /var/folders/40/32_wnrm92fg5crlxcy6c4rmw0000gn/T/subcontrol2
2020-01-19 13:01:36,601 [INFO] from org.wa9nnn.wfdserver.contest.SubmissionControlDao in specs2-2 - Loaded submissionControl from /var/folders/40/32_wnrm92fg5crlxcy6c4rmw0000gn/T/subcontrol2
2020-01-19 13:01:36,648 [ERROR] from org.wa9nnn.wfdserver.auth.CredentialsDao in specs2-1 - Did not find credentials file at /var/folders/40/32_wnrm92fg5crlxcy6c4rmw0000gn/T/credFie1, use default user to add at lease one admin user.
2020-01-19 13:01:36,648 [ERROR] from org.wa9nnn.wfdserver.auth.CredentialsDao in specs2-3 - Did not find credentials file at /var/folders/40/32_wnrm92fg5crlxcy6c4rmw0000gn/T/credFie3, use default user to add at lease one admin user.
2020-01-19 13:01:36,648 [ERROR] from org.wa9nnn.wfdserver.auth.CredentialsDao in specs2-2 - Did not find credentials file at /var/folders/40/32_wnrm92fg5crlxcy6c4rmw0000gn/T/credFie2, use default user to add at lease one admin user.
2020-01-19 13:01:36,717 [INFO] from org.wa9nnn.wfdserver.auth.CredentialsDao in specs2-2 - Loaded 2 from /var/folders/40/32_wnrm92fg5crlxcy6c4rmw0000gn/T/credFie2
2020-01-19 13:01:36,780 [INFO] from org.wa9nnn.wfdserver.auth.CredentialsDao in specs2-3 - Loaded 1 from /var/folders/40/32_wnrm92fg5crlxcy6c4rmw0000gn/T/credFie3
2020-01-19 13:02:16,791 [INFO] from org.mongodb.driver.cluster in main - Cluster created with settings {hosts=[localhost:27017], mode=SINGLE, requiredClusterType=UNKNOWN, serverSelectionTimeout='30000 ms', maxWaitQueueSize=500}
2020-01-19 13:02:16,901 [INFO] from org.mongodb.driver.cluster in main - No server chosen by com.mongodb.async.client.ClientSessionHelper$1@3df978b9 from cluster description ClusterDescription{type=UNKNOWN, connectionMode=SINGLE, serverDescriptions=[ServerDescription{address=localhost:27017, type=UNKNOWN, state=CONNECTING}]}. Waiting for 30000 ms before timing out
2020-01-19 13:02:16,908 [INFO] from org.mongodb.driver.connection in cluster-ClusterId{value='5e24a7b891a53a2e96f3c368', description='null'}-localhost:27017 - Opened connection [connectionId{localValue:1, serverValue:4080}] to localhost:27017
2020-01-19 13:02:16,912 [INFO] from org.mongodb.driver.cluster in cluster-ClusterId{value='5e24a7b891a53a2e96f3c368', description='null'}-localhost:27017 - Monitor thread successfully connected to server with description ServerDescription{address=localhost:27017, type=STANDALONE, state=CONNECTED, ok=true, version=ServerVersion{versionList=[4, 2, 1]}, minWireVersion=0, maxWireVersion=8, maxDocumentSize=16777216, logicalSessionTimeoutMinutes=30, roundTripTimeNanos=2203847}
2020-01-19 13:02:16,925 [INFO] from org.mongodb.driver.connection in Thread-4 - Opened connection [connectionId{localValue:2, serverValue:4081}] to localhost:27017
2020-01-19 13:02:17,383 [INFO] from org.mongodb.driver.cluster in main - Cluster created with settings {hosts=[localhost:27017], mode=SINGLE, requiredClusterType=UNKNOWN, serverSelectionTimeout='30000 ms', maxWaitQueueSize=500}
2020-01-19 13:02:17,385 [INFO] from org.mongodb.driver.connection in cluster-ClusterId{value='5e24a7b991a53a2e96f3c369', description='null'}-localhost:27017 - Opened connection [connectionId{localValue:3, serverValue:4082}] to localhost:27017
2020-01-19 13:02:17,386 [INFO] from org.mongodb.driver.cluster in cluster-ClusterId{value='5e24a7b991a53a2e96f3c369', description='null'}-localhost:27017 - Monitor thread successfully connected to server with description ServerDescription{address=localhost:27017, type=STANDALONE, state=CONNECTED, ok=true, version=ServerVersion{versionList=[4, 2, 1]}, minWireVersion=0, maxWireVersion=8, maxDocumentSize=16777216, logicalSessionTimeoutMinutes=30, roundTripTimeNanos=510044}
2020-01-19 13:02:17,411 [INFO] from org.mongodb.driver.connection in Thread-11 - Opened connection [connectionId{localValue:4, serverValue:4083}] to localhost:27017
2020-01-19 13:02:18,026 [ERROR] from org.wa9nnn.wfdserver.contest.SubmissionControlDao in specs2-3 - Did not find file at /var/folders/40/32_wnrm92fg5crlxcy6c4rmw0000gn/T/subcontrol3, using default.
2020-01-19 13:02:18,026 [ERROR] from org.wa9nnn.wfdserver.contest.SubmissionControlDao in specs2-1 - Did not find file at /var/folders/40/32_wnrm92fg5crlxcy6c4rmw0000gn/T/subcontrol1, using default.
2020-01-19 13:02:18,044 [INFO] from org.wa9nnn.wfdserver.contest.SubmissionControlDao in specs2-2 - Loaded submissionControl from /var/folders/40/32_wnrm92fg5crlxcy6c4rmw0000gn/T/subcontrol2
2020-01-19 13:02:18,054 [INFO] from org.wa9nnn.wfdserver.contest.SubmissionControlDao in specs2-2 - Loaded submissionControl from /var/folders/40/32_wnrm92fg5crlxcy6c4rmw0000gn/T/subcontrol2
2020-01-19 13:02:18,099 [ERROR] from org.wa9nnn.wfdserver.auth.CredentialsDao in specs2-1 - Did not find credentials file at /var/folders/40/32_wnrm92fg5crlxcy6c4rmw0000gn/T/credFie1, use default user to add at lease one admin user.
2020-01-19 13:02:18,099 [ERROR] from org.wa9nnn.wfdserver.auth.CredentialsDao in specs2-2 - Did not find credentials file at /var/folders/40/32_wnrm92fg5crlxcy6c4rmw0000gn/T/credFie2, use default user to add at lease one admin user.
2020-01-19 13:02:18,099 [ERROR] from org.wa9nnn.wfdserver.auth.CredentialsDao in specs2-3 - Did not find credentials file at /var/folders/40/32_wnrm92fg5crlxcy6c4rmw0000gn/T/credFie3, use default user to add at lease one admin user.
2020-01-19 13:02:18,166 [INFO] from org.wa9nnn.wfdserver.auth.CredentialsDao in specs2-2 - Loaded 2 from /var/folders/40/32_wnrm92fg5crlxcy6c4rmw0000gn/T/credFie2
2020-01-19 13:02:18,227 [INFO] from org.wa9nnn.wfdserver.auth.CredentialsDao in specs2-3 - Loaded 1 from /var/folders/40/32_wnrm92fg5crlxcy6c4rmw0000gn/T/credFie3
2020-01-19 13:03:05,650 [INFO] from org.mongodb.driver.cluster in main - Cluster created with settings {hosts=[localhost:27017], mode=SINGLE, requiredClusterType=UNKNOWN, serverSelectionTimeout='30000 ms', maxWaitQueueSize=500}
2020-01-19 13:03:05,763 [INFO] from org.mongodb.driver.cluster in main - No server chosen by com.mongodb.async.client.ClientSessionHelper$1@6272c96f from cluster description ClusterDescription{type=UNKNOWN, connectionMode=SINGLE, serverDescriptions=[ServerDescription{address=localhost:27017, type=UNKNOWN, state=CONNECTING}]}. Waiting for 30000 ms before timing out
2020-01-19 13:03:05,770 [INFO] from org.mongodb.driver.connection in cluster-ClusterId{value='5e24a7e943a82b746cc1977b', description='null'}-localhost:27017 - Opened connection [connectionId{localValue:1, serverValue:4085}] to localhost:27017
2020-01-19 13:03:05,773 [INFO] from org.mongodb.driver.cluster in cluster-ClusterId{value='5e24a7e943a82b746cc1977b', description='null'}-localhost:27017 - Monitor thread successfully connected to server with description ServerDescription{address=localhost:27017, type=STANDALONE, state=CONNECTED, ok=true, version=ServerVersion{versionList=[4, 2, 1]}, minWireVersion=0, maxWireVersion=8, maxDocumentSize=16777216, logicalSessionTimeoutMinutes=30, roundTripTimeNanos=2240130}
2020-01-19 13:03:05,785 [INFO] from org.mongodb.driver.connection in Thread-4 - Opened connection [connectionId{localValue:2, serverValue:4086}] to localhost:27017
2020-01-19 13:03:06,240 [INFO] from org.mongodb.driver.cluster in main - Cluster created with settings {hosts=[localhost:27017], mode=SINGLE, requiredClusterType=UNKNOWN, serverSelectionTimeout='30000 ms', maxWaitQueueSize=500}
2020-01-19 13:03:06,243 [INFO] from org.mongodb.driver.connection in cluster-ClusterId{value='5e24a7ea43a82b746cc1977c', description='null'}-localhost:27017 - Opened connection [connectionId{localValue:3, serverValue:4087}] to localhost:27017
2020-01-19 13:03:06,244 [INFO] from org.mongodb.driver.cluster in cluster-ClusterId{value='5e24a7ea43a82b746cc1977c', description='null'}-localhost:27017 - Monitor thread successfully connected to server with description ServerDescription{address=localhost:27017, type=STANDALONE, state=CONNECTED, ok=true, version=ServerVersion{versionList=[4, 2, 1]}, minWireVersion=0, maxWireVersion=8, maxDocumentSize=16777216, logicalSessionTimeoutMinutes=30, roundTripTimeNanos=565895}
2020-01-19 13:03:06,267 [INFO] from org.mongodb.driver.connection in Thread-11 - Opened connection [connectionId{localValue:4, serverValue:4088}] to localhost:27017
2020-01-19 13:05:19,544 [INFO] from org.mongodb.driver.cluster in main - Cluster created with settings {hosts=[localhost:27017], mode=SINGLE, requiredClusterType=UNKNOWN, serverSelectionTimeout='30000 ms', maxWaitQueueSize=500}
2020-01-19 13:05:19,654 [INFO] from org.mongodb.driver.cluster in main - No server chosen by com.mongodb.async.client.ClientSessionHelper$1@44c5a16f from cluster description ClusterDescription{type=UNKNOWN, connectionMode=SINGLE, serverDescriptions=[ServerDescription{address=localhost:27017, type=UNKNOWN, state=CONNECTING}]}. Waiting for 30000 ms before timing out
2020-01-19 13:05:19,661 [INFO] from org.mongodb.driver.connection in cluster-ClusterId{value='5e24a86f60420d3bc61a0f3c', description='null'}-localhost:27017 - Opened connection [connectionId{localValue:1, serverValue:4093}] to localhost:27017
2020-01-19 13:05:19,664 [INFO] from org.mongodb.driver.cluster in cluster-ClusterId{value='5e24a86f60420d3bc61a0f3c', description='null'}-localhost:27017 - Monitor thread successfully connected to server with description ServerDescription{address=localhost:27017, type=STANDALONE, state=CONNECTED, ok=true, version=ServerVersion{versionList=[4, 2, 1]}, minWireVersion=0, maxWireVersion=8, maxDocumentSize=16777216, logicalSessionTimeoutMinutes=30, roundTripTimeNanos=2379291}
2020-01-19 13:05:19,677 [INFO] from org.mongodb.driver.connection in Thread-4 - Opened connection [connectionId{localValue:2, serverValue:4094}] to localhost:27017
2020-01-19 13:05:20,129 [INFO] from org.mongodb.driver.cluster in main - Cluster created with settings {hosts=[localhost:27017], mode=SINGLE, requiredClusterType=UNKNOWN, serverSelectionTimeout='30000 ms', maxWaitQueueSize=500}
2020-01-19 13:05:20,132 [INFO] from org.mongodb.driver.connection in cluster-ClusterId{value='5e24a87060420d3bc61a0f3d', description='null'}-localhost:27017 - Opened connection [connectionId{localValue:3, serverValue:4096}] to localhost:27017
2020-01-19 13:05:20,133 [INFO] from org.mongodb.driver.cluster in cluster-ClusterId{value='5e24a87060420d3bc61a0f3d', description='null'}-localhost:27017 - Monitor thread successfully connected to server with description ServerDescription{address=localhost:27017, type=STANDALONE, state=CONNECTED, ok=true, version=ServerVersion{versionList=[4, 2, 1]}, minWireVersion=0, maxWireVersion=8, maxDocumentSize=16777216, logicalSessionTimeoutMinutes=30, roundTripTimeNanos=829538}
2020-01-19 13:05:20,157 [INFO] from org.mongodb.driver.connection in Thread-11 - Opened connection [connectionId{localValue:4, serverValue:4097}] to localhost:27017
2020-01-19 13:05:28,440 [ERROR] from org.wa9nnn.wfdserver.contest.SubmissionControlDao in specs2-1 - Did not find file at /var/folders/40/32_wnrm92fg5crlxcy6c4rmw0000gn/T/subcontrol1, using default.
2020-01-19 13:05:28,440 [ERROR] from org.wa9nnn.wfdserver.contest.SubmissionControlDao in specs2-3 - Did not find file at /var/folders/40/32_wnrm92fg5crlxcy6c4rmw0000gn/T/subcontrol3, using default.
2020-01-19 13:05:28,459 [INFO] from org.wa9nnn.wfdserver.contest.SubmissionControlDao in specs2-2 - Loaded submissionControl from /var/folders/40/32_wnrm92fg5crlxcy6c4rmw0000gn/T/subcontrol2
2020-01-19 13:05:28,471 [INFO] from org.wa9nnn.wfdserver.contest.SubmissionControlDao in specs2-2 - Loaded submissionControl from /var/folders/40/32_wnrm92fg5crlxcy6c4rmw0000gn/T/subcontrol2
2020-01-19 13:05:28,519 [ERROR] from org.wa9nnn.wfdserver.auth.CredentialsDao in specs2-2 - Did not find credentials file at /var/folders/40/32_wnrm92fg5crlxcy6c4rmw0000gn/T/credFie2, use default user to add at lease one admin user.
2020-01-19 13:05:28,519 [ERROR] from org.wa9nnn.wfdserver.auth.CredentialsDao in specs2-1 - Did not find credentials file at /var/folders/40/32_wnrm92fg5crlxcy6c4rmw0000gn/T/credFie1, use default user to add at lease one admin user.
2020-01-19 13:05:28,519 [ERROR] from org.wa9nnn.wfdserver.auth.CredentialsDao in specs2-3 - Did not find credentials file at /var/folders/40/32_wnrm92fg5crlxcy6c4rmw0000gn/T/credFie3, use default user to add at lease one admin user.
2020-01-19 13:05:28,587 [INFO] from org.wa9nnn.wfdserver.auth.CredentialsDao in specs2-2 - Loaded 2 from /var/folders/40/32_wnrm92fg5crlxcy6c4rmw0000gn/T/credFie2
2020-01-19 13:05:28,649 [INFO] from org.wa9nnn.wfdserver.auth.CredentialsDao in specs2-3 - Loaded 1 from /var/folders/40/32_wnrm92fg5crlxcy6c4rmw0000gn/T/credFie3
